INFO: 2023-04-20 14:07:34,978: main() 'Using profile folder /home/vylssius/.config/variety/'
INFO: 2023-04-20 14:07:34,979: prepare_config_folder() 'Missing config file, copying it from /usr/share/variety/config/variety.conf'
INFO: 2023-04-20 14:07:34,980: prepare_config_folder() 'Missing ui.conf file, copying it from /usr/share/variety/config/ui.conf'
INFO: 2023-04-20 14:07:34,980: makedirs() 'Creating folder /home/vylssius/.config/variety/plugins'
INFO: 2023-04-20 14:07:34,980: makedirs() 'Creating folder /home/vylssius/.config/variety/scripts'
INFO: 2023-04-20 14:07:34,980: prepare_config_folder() 'Missing set_wallpaper file, copying it from /usr/share/variety/scripts/set_wallpaper'
INFO: 2023-04-20 14:07:34,980: prepare_config_folder() 'Missing get_wallpaper file, copying it from /usr/share/variety/scripts/get_wallpaper'
INFO: 2023-04-20 14:07:34,980: makedirs() 'Creating folder /home/vylssius/.config/variety/wallpaper'
INFO: 2023-04-20 14:08:08,401: write_current_version() 'Writing current version 0.8.9 to .version'
INFO: 2023-04-20 14:08:08,401: perform_upgrade() 'Last run version was 0.8.9 or earlier, current version is 0.8.9'
ERROR: 2023-04-20 14:08:08,402: perform_upgrade() 'Error during version upgrade. Continuing.'
Traceback (most recent call last):
  File "/usr/lib/python3.10/site-packages/variety/VarietyWindow.py", line 2276, in perform_upgrade
    if Util.compare_versions(last_version, "0.4.13") < 0:
  File "/usr/lib/python3.10/site-packages/variety/Util.py", line 768, in compare_versions
    from pkg_resources import parse_version
ModuleNotFoundError: No module named 'pkg_resources'
INFO: 2023-04-20 14:08:08,403: process_command() 'Received command: []'
INFO: 2023-04-20 14:08:08,404: start() 'Using data_path /usr/share/variety'
INFO: 2023-04-20 14:08:08,404: load() 'Jumble loading'
INFO: 2023-04-20 14:08:08,404: _walk_modules() 'Jumble loading module in __init__ from /usr/lib/python3.10/site-packages/variety/plugins/builtin/__init__.py'
INFO: 2023-04-20 14:08:08,405: _walk_modules() 'Jumble loading module in GnomeDisplayModesPlugin from /usr/lib/python3.10/site-packages/variety/plugins/builtin/display_modes/GnomeDisplayModesPlugin.py'
INFO: 2023-04-20 14:08:08,405: load() 'Jumble found plugin class: <class 'GnomeDisplayModesPlugin.GnomeDisplayModesPlugin'>: {'name': 'GnomeDisplayModesPlugin', 'description': 'Display modes relying on the underlying desktop environment', 'version': '1.0', 'author': 'Peter Levi'}'
INFO: 2023-04-20 14:08:08,405: _walk_modules() 'Jumble loading module in __init__ from /usr/lib/python3.10/site-packages/variety/plugins/builtin/display_modes/__init__.py'
INFO: 2023-04-20 14:08:08,405: _walk_modules() 'Jumble loading module in ResizingDisplayModesPlugin from /usr/lib/python3.10/site-packages/variety/plugins/builtin/display_modes/ResizingDisplayModesPlugin.py'
INFO: 2023-04-20 14:08:08,405: load() 'Jumble found plugin class: <class 'ResizingDisplayModesPlugin.ResizingDisplayModesPlugin'>: {'name': 'ResizingDisplayModesPlugin', 'description': 'Display modes that use image resizing within Variety', 'version': '1.0', 'author': 'Peter Levi'}'
INFO: 2023-04-20 14:08:08,406: _walk_modules() 'Jumble loading module in LegacyDisplayModesPlugin from /usr/lib/python3.10/site-packages/variety/plugins/builtin/display_modes/LegacyDisplayModesPlugin.py'
INFO: 2023-04-20 14:08:08,406: load() 'Jumble found plugin class: <class 'LegacyDisplayModesPlugin.LegacyDisplayModesPlugin'>: {'name': 'LegacyDisplayModesPlugin', 'description': 'Legacy display mode for compatibility with past Variety versions', 'version': '1.0', 'author': 'Peter Levi'}'
INFO: 2023-04-20 14:08:08,406: _walk_modules() 'Jumble loading module in QuotationsPageSource from /usr/lib/python3.10/site-packages/variety/plugins/builtin/quotes/QuotationsPageSource.py'
INFO: 2023-04-20 14:08:08,444: load() 'Jumble found plugin class: <class 'QuotationsPageSource.QuotationsPageSource'>: {'name': 'TheQuotationsPage.com', 'description': 'Fetches quotes from TheQuotationsPage.com', 'author': 'Peter Levi', 'version': '0.1'}'
INFO: 2023-04-20 14:08:08,444: _walk_modules() 'Jumble loading module in GoodreadsSource from /usr/lib/python3.10/site-packages/variety/plugins/builtin/quotes/GoodreadsSource.py'
INFO: 2023-04-20 14:08:08,445: load() 'Jumble found plugin class: <class 'GoodreadsSource.GoodreadsSource'>: {'name': 'Goodreads', 'description': 'Fetches quotes from Goodreads.com', 'author': 'Peter Levi', 'version': '0.1'}'
INFO: 2023-04-20 14:08:08,445: _walk_modules() 'Jumble loading module in __init__ from /usr/lib/python3.10/site-packages/variety/plugins/builtin/quotes/__init__.py'
INFO: 2023-04-20 14:08:08,445: _walk_modules() 'Jumble loading module in UrbanDictionarySource from /usr/lib/python3.10/site-packages/variety/plugins/builtin/quotes/UrbanDictionarySource.py'
INFO: 2023-04-20 14:08:08,445: load() 'Jumble found plugin class: <class 'UrbanDictionarySource.UrbanDictionarySource'>: {'name': 'Urban Dictionary', 'description': 'Displays definitions from Urban Dictionary', 'author': 'James Miller', 'version': '0.1'}'
INFO: 2023-04-20 14:08:08,445: _walk_modules() 'Jumble loading module in FortuneSource from /usr/lib/python3.10/site-packages/variety/plugins/builtin/quotes/FortuneSource.py'
INFO: 2023-04-20 14:08:08,446: load() 'Jumble found plugin class: <class 'FortuneSource.FortuneSource'>: {'name': 'UNIX fortune program', 'description': 'Displays quotes using the UNIX fortune program. You may want to install additional fortune packs, e.g. fortunes-bofh-excuses.', 'author': 'Dan Jones', 'version': '0.1'}'
INFO: 2023-04-20 14:08:08,446: _walk_modules() 'Jumble loading module in LocalFilesSource from /usr/lib/python3.10/site-packages/variety/plugins/builtin/quotes/LocalFilesSource.py'
INFO: 2023-04-20 14:08:08,446: load() 'Jumble found plugin class: <class 'LocalFilesSource.LocalFilesSource'>: {'name': 'Local text files', 'description': 'Displays quotes, defined in local text files.\nPut your own txt files in: ~/.config/variety/pluginconfig/quotes/.\nThe file format is:\n\nquote -- author\n.\nsecond quote -- another author\n.\netc...\n\nExample: http://rvelthuis.de/zips/quotes.txt', 'author': 'Peter Levi', 'version': '0.1'}'
INFO: 2023-04-20 14:08:08,447: _walk_modules() 'Jumble loading module in EarthviewDownloader from /usr/lib/python3.10/site-packages/variety/plugins/builtin/downloaders/EarthviewDownloader.py'
INFO: 2023-04-20 14:08:08,447: load() 'Jumble found plugin class: <class 'EarthviewDownloader.EarthviewDownloader'>: {'name': 'EarthviewDownloader', 'description': 'Google Earth View Wallpapers', 'author': 'Peter Levi', 'version': '0.1'}'
INFO: 2023-04-20 14:08:08,447: _walk_modules() 'Jumble loading module in ArtStationDownloader from /usr/lib/python3.10/site-packages/variety/plugins/builtin/downloaders/ArtStationDownloader.py'
INFO: 2023-04-20 14:08:08,448: _walk_modules() 'Jumble loading module in WallhavenLegacyDownloader from /usr/lib/python3.10/site-packages/variety/plugins/builtin/downloaders/WallhavenLegacyDownloader.py'
INFO: 2023-04-20 14:08:08,448: _walk_modules() 'Jumble loading module in NationalGeographicDownloader from /usr/lib/python3.10/site-packages/variety/plugins/builtin/downloaders/NationalGeographicDownloader.py'
INFO: 2023-04-20 14:08:08,448: load() 'Jumble found plugin class: <class 'NationalGeographicDownloader.NationalGeographicDownloader'>: {'name': 'NationalGeographicDownloader', 'description': "National Geographic's photo of the day", 'author': 'Eric Rösch', 'version': '0.1'}'
INFO: 2023-04-20 14:08:08,449: _walk_modules() 'Jumble loading module in __init__ from /usr/lib/python3.10/site-packages/variety/plugins/builtin/downloaders/__init__.py'
INFO: 2023-04-20 14:08:08,449: _walk_modules() 'Jumble loading module in APODDownloader from /usr/lib/python3.10/site-packages/variety/plugins/builtin/downloaders/APODDownloader.py'
INFO: 2023-04-20 14:08:08,449: load() 'Jumble found plugin class: <class 'APODDownloader.APODDownloader'>: {'name': 'APODDownloader', 'description': 'NASA Astro Pic of the Day', 'author': 'Peter Levi', 'version': '0.1'}'
INFO: 2023-04-20 14:08:08,449: _walk_modules() 'Jumble loading module in MediaRSSDownloader from /usr/lib/python3.10/site-packages/variety/plugins/builtin/downloaders/MediaRSSDownloader.py'
INFO: 2023-04-20 14:08:08,450: _walk_modules() 'Jumble loading module in BingDownloader from /usr/lib/python3.10/site-packages/variety/plugins/builtin/downloaders/BingDownloader.py'
INFO: 2023-04-20 14:08:08,450: load() 'Jumble found plugin class: <class 'BingDownloader.BingDownloader'>: {'name': 'BingDownloader', 'description': 'Bing Photo of the Day', 'author': 'Peter Levi', 'version': '0.1'}'
INFO: 2023-04-20 14:08:08,450: _walk_modules() 'Jumble loading module in WallhavenDownloader from /usr/lib/python3.10/site-packages/variety/plugins/builtin/downloaders/WallhavenDownloader.py'
INFO: 2023-04-20 14:08:08,451: _walk_modules() 'Jumble loading module in MediaRSSSource from /usr/lib/python3.10/site-packages/variety/plugins/builtin/downloaders/MediaRSSSource.py'
INFO: 2023-04-20 14:08:08,452: load() 'Jumble found plugin class: <class 'MediaRSSSource.MediaRSSSource'>: {'name': 'MediaRSSSource', 'description': 'Configurable source for fetching images from MediaRSS feeds', 'author': 'Peter Levi', 'version': '0.1'}'
INFO: 2023-04-20 14:08:08,452: _walk_modules() 'Jumble loading module in ArtStationSource from /usr/lib/python3.10/site-packages/variety/plugins/builtin/downloaders/ArtStationSource.py'
INFO: 2023-04-20 14:08:08,453: load() 'Jumble found plugin class: <class 'ArtStationSource.ArtStationSource'>: {'name': 'ArtStationSource', 'description': 'Configurable source for fetching images from ArtStation', 'author': 'Denis Gordeev', 'version': '0.1'}'
INFO: 2023-04-20 14:08:08,453: _walk_modules() 'Jumble loading module in RedditSource from /usr/lib/python3.10/site-packages/variety/plugins/builtin/downloaders/RedditSource.py'
INFO: 2023-04-20 14:08:08,453: load() 'Jumble found plugin class: <class 'RedditSource.RedditSource'>: {'name': 'RedditSource', 'description': 'Configurable source for fetching images from Reddit', 'author': 'Peter Levi', 'version': '0.1'}'
INFO: 2023-04-20 14:08:08,453: _walk_modules() 'Jumble loading module in UnsplashDownloader from /usr/lib/python3.10/site-packages/variety/plugins/builtin/downloaders/UnsplashDownloader.py'
INFO: 2023-04-20 14:08:08,454: load() 'Jumble found plugin class: <class 'UnsplashDownloader.UnsplashDownloader'>: {'name': 'UnsplashDownloader', 'description': 'High-resolution photos from Unsplash.com', 'author': 'Peter Levi', 'version': '0.1'}'
INFO: 2023-04-20 14:08:08,454: _walk_modules() 'Jumble loading module in WallhavenSource from /usr/lib/python3.10/site-packages/variety/plugins/builtin/downloaders/WallhavenSource.py'
INFO: 2023-04-20 14:08:08,454: load() 'Jumble found plugin class: <class 'WallhavenSource.WallhavenSource'>: {'name': 'WallhavenSource', 'description': 'Configurable source for fetching images from Wallhaven.cc', 'author': 'Peter Levi', 'version': '0.1'}'
INFO: 2023-04-20 14:08:08,455: _walk_modules() 'Jumble loading module in RedditDownloader from /usr/lib/python3.10/site-packages/variety/plugins/builtin/downloaders/RedditDownloader.py'
INFO: 2023-04-20 14:08:08,455: _walk_modules() 'Jumble loading module in UnsplashConfigurableSource from /usr/lib/python3.10/site-packages/variety/plugins/builtin/downloaders/UnsplashConfigurableSource.py'
INFO: 2023-04-20 14:08:08,456: load() 'Jumble found plugin class: <class 'UnsplashConfigurableSource.UnsplashConfigurableSource'>: {'name': 'UnsplashConfigurableSource', 'description': 'Configurable source for fetching photos from Unsplash.com', 'author': 'Peter Levi', 'version': '0.1'}'
INFO: 2023-04-20 14:08:08,456: makedirs() 'Creating folder /home/vylssius/.config/variety/pluginconfig/downloaders'
ERROR: 2023-04-20 14:08:08,456: get_xdg_pictures_folder() 'Could not get path to Pictures folder. Defaulting to ~/Pictures.'
Traceback (most recent call last):
  File "/usr/lib/python3.10/site-packages/variety/Util.py", line 815, in get_xdg_pictures_folder
    raise Exception("Could not get path to Pictures folder. Defaulting to ~/Pictures.")
Exception: Could not get path to Pictures folder. Defaulting to ~/Pictures.
ERROR: 2023-04-20 14:08:08,458: get_xdg_pictures_folder() 'Could not get path to Pictures folder. Defaulting to ~/Pictures.'
Traceback (most recent call last):
  File "/usr/lib/python3.10/site-packages/variety/Util.py", line 815, in get_xdg_pictures_folder
    raise Exception("Could not get path to Pictures folder. Defaulting to ~/Pictures.")
Exception: Could not get path to Pictures folder. Defaulting to ~/Pictures.
WARNING: 2023-04-20 14:08:08,459: load_history() 'Could not load history file, continuing without it, no worries'
INFO: 2023-04-20 14:08:08,465: makedirs() 'Creating folder /home/vylssius/.config/variety/Downloaded'
INFO: 2023-04-20 14:08:08,465: makedirs() 'Creating folder /home/vylssius/.config/variety/Favorites'
INFO: 2023-04-20 14:08:08,465: makedirs() 'Creating folder /home/vylssius/.config/variety/Fetched'
INFO: 2023-04-20 14:08:08,466: reload_config() 'Creating new downloader for type flickr, location user:www.flickr.com/photos/peter-levi/;user_id:93647178@N00;'
INFO: 2023-04-20 14:08:08,466: makedirs() 'Creating folder /home/vylssius/.config/variety/Downloaded/flickr_user_www_flickr_com_photos_peter_levi__user_id_93647178_N00_'
INFO: 2023-04-20 14:08:08,466: log_options() 'Loaded options:'
INFO: 2023-04-20 14:08:08,466: log_options() 'change_enabled = True'
INFO: 2023-04-20 14:08:08,466: log_options() 'change_interval = 300'
INFO: 2023-04-20 14:08:08,466: log_options() 'change_on_start = False'
INFO: 2023-04-20 14:08:08,466: log_options() 'clipboard_enabled = False'
INFO: 2023-04-20 14:08:08,466: log_options() 'clipboard_hosts = ['wallhaven.cc', 'wallpapers.net', 'flickr.com', 'imgur.com', 'deviantart.com', 'interfacelift.com', 'vladstudio.com', 'imageshack.us', 'deviantart.net', 'imageshack.com']'
INFO: 2023-04-20 14:08:08,466: log_options() 'clipboard_use_whitelist = True'
INFO: 2023-04-20 14:08:08,466: log_options() 'clock_date_font = Serif 30'
INFO: 2023-04-20 14:08:08,466: log_options() 'clock_enabled = False'
INFO: 2023-04-20 14:08:08,466: log_options() 'clock_filter = -density 100 -font `fc-match -f '%{file[0]}' '%CLOCK_FONT_NAME'` -pointsize %CLOCK_FONT_SIZE -gravity SouthEast -fill '#00000044' -annotate 0x0+[%HOFFSET+58]+[%VOFFSET+108] '%H:%M' -fill white -annotate 0x0+[%HOFFSET+60]+[%VOFFSET+110] '%H:%M' -font `fc-match -f '%{file[0]}' '%DATE_FONT_NAME'` -pointsize %DATE_FONT_SIZE -fill '#00000044' -annotate 0x0+[%HOFFSET+58]+[%VOFFSET+58] '%A, %B %d' -fill white -annotate 0x0+[%HOFFSET+60]+[%VOFFSET+60] '%A, %B %d''
INFO: 2023-04-20 14:08:08,466: log_options() 'clock_font = Serif 70'
INFO: 2023-04-20 14:08:08,466: log_options() 'configfile = /home/vylssius/.config/variety/variety.conf'
INFO: 2023-04-20 14:08:08,466: log_options() 'copyto_enabled = False'
INFO: 2023-04-20 14:08:08,466: log_options() 'copyto_folder = Default'
INFO: 2023-04-20 14:08:08,466: log_options() 'desired_color = None'
INFO: 2023-04-20 14:08:08,466: log_options() 'desired_color_enabled = False'
INFO: 2023-04-20 14:08:08,466: log_options() 'download_folder = /home/vylssius/.config/variety/Downloaded'
INFO: 2023-04-20 14:08:08,466: log_options() 'download_preference_ratio = 0.9'
INFO: 2023-04-20 14:08:08,466: log_options() 'favorites_folder = /home/vylssius/.config/variety/Favorites'
INFO: 2023-04-20 14:08:08,466: log_options() 'favorites_operations = [['Downloaded', 'Copy'], ['Fetched', 'Move'], ['Others', 'Copy']]'
INFO: 2023-04-20 14:08:08,467: log_options() 'fetched_folder = /home/vylssius/.config/variety/Fetched'
INFO: 2023-04-20 14:08:08,467: log_options() 'filters = [[False, 'Keep original', ''], [False, 'Grayscale', '-type Grayscale'], [False, 'Heavy blur', '-scale 20% -blur 0x10 -resize 500%'], [False, 'Soft blur', '-scale 20% -blur 0x2 -resize 500%'], [False, 'Oil painting', '-paint 8'], [False, 'Pointilism', '-spread 10 -noise 3'], [False, 'Pixellate', '-scale 3% -scale 3333%']]'
INFO: 2023-04-20 14:08:08,467: log_options() 'get_wallpaper_script = /home/vylssius/.config/variety/scripts/get_wallpaper'
INFO: 2023-04-20 14:08:08,467: log_options() 'icon = Light'
INFO: 2023-04-20 14:08:08,467: log_options() 'internet_enabled = True'
INFO: 2023-04-20 14:08:08,467: log_options() 'lightness_enabled = False'
INFO: 2023-04-20 14:08:08,467: log_options() 'lightness_mode = 0'
INFO: 2023-04-20 14:08:08,467: log_options() 'min_rating = 4'
INFO: 2023-04-20 14:08:08,467: log_options() 'min_rating_enabled = False'
INFO: 2023-04-20 14:08:08,467: log_options() 'min_size = 80'
INFO: 2023-04-20 14:08:08,467: log_options() 'min_size_enabled = False'
INFO: 2023-04-20 14:08:08,467: log_options() 'quota_enabled = True'
INFO: 2023-04-20 14:08:08,467: log_options() 'quota_size = 1000'
INFO: 2023-04-20 14:08:08,467: log_options() 'quotes_authors = '
INFO: 2023-04-20 14:08:08,467: log_options() 'quotes_bg_color = [80, 80, 80]'
INFO: 2023-04-20 14:08:08,467: log_options() 'quotes_bg_opacity = 55'
INFO: 2023-04-20 14:08:08,467: log_options() 'quotes_change_enabled = False'
INFO: 2023-04-20 14:08:08,467: log_options() 'quotes_change_interval = 300'
INFO: 2023-04-20 14:08:08,467: log_options() 'quotes_disabled_sources = ['Urban Dictionary']'
INFO: 2023-04-20 14:08:08,467: log_options() 'quotes_enabled = False'
INFO: 2023-04-20 14:08:08,467: log_options() 'quotes_favorites_file = /home/vylssius/.config/variety/favorite_quotes.txt'
INFO: 2023-04-20 14:08:08,467: log_options() 'quotes_font = Serif 30'
INFO: 2023-04-20 14:08:08,467: log_options() 'quotes_hpos = 100'
INFO: 2023-04-20 14:08:08,467: log_options() 'quotes_max_length = 250'
INFO: 2023-04-20 14:08:08,467: log_options() 'quotes_tags = '
INFO: 2023-04-20 14:08:08,467: log_options() 'quotes_text_color = [255, 255, 255]'
INFO: 2023-04-20 14:08:08,467: log_options() 'quotes_text_shadow = False'
INFO: 2023-04-20 14:08:08,467: log_options() 'quotes_vpos = 40'
INFO: 2023-04-20 14:08:08,467: log_options() 'quotes_width = 70'
INFO: 2023-04-20 14:08:08,467: log_options() 'safe_mode = False'
INFO: 2023-04-20 14:08:08,467: log_options() 'set_wallpaper_script = /home/vylssius/.config/variety/scripts/set_wallpaper'
INFO: 2023-04-20 14:08:08,467: log_options() 'slideshow_custom_enabled = False'
INFO: 2023-04-20 14:08:08,467: log_options() 'slideshow_custom_folder = /home/vylssius/Pictures'
INFO: 2023-04-20 14:08:08,467: log_options() 'slideshow_downloads_enabled = False'
INFO: 2023-04-20 14:08:08,467: log_options() 'slideshow_fade = 0.4'
INFO: 2023-04-20 14:08:08,467: log_options() 'slideshow_favorites_enabled = True'
INFO: 2023-04-20 14:08:08,467: log_options() 'slideshow_mode = Fullscreen'
INFO: 2023-04-20 14:08:08,467: log_options() 'slideshow_monitor = All'
INFO: 2023-04-20 14:08:08,467: log_options() 'slideshow_pan = 0.05'
INFO: 2023-04-20 14:08:08,467: log_options() 'slideshow_seconds = 6.0'
INFO: 2023-04-20 14:08:08,467: log_options() 'slideshow_sort_order = Random'
INFO: 2023-04-20 14:08:08,467: log_options() 'slideshow_sources_enabled = True'
INFO: 2023-04-20 14:08:08,467: log_options() 'slideshow_zoom = 0.2'
INFO: 2023-04-20 14:08:08,468: log_options() 'smart_enabled = False'
INFO: 2023-04-20 14:08:08,468: log_options() 'smart_notice_shown = False'
INFO: 2023-04-20 14:08:08,468: log_options() 'smart_register_shown = False'
INFO: 2023-04-20 14:08:08,468: log_options() 'sources = [[True, 'favorites', 'The Favorites folder'], [True, 'fetched', 'The Fetched folder'], [True, 'folder', '/usr/share/backgrounds'], [True, 'flickr', 'user:www.flickr.com/photos/peter-levi/;user_id:93647178@N00;'], [False, 'apod', 'NASA Astro Pic of the Day'], [False, 'bing', 'Bing Photo of the Day'], [False, 'earthview', 'Google Earth View Wallpapers'], [False, 'natgeo', "National Geographic's photo of the day"], [False, 'unsplash', 'High-resolution photos from Unsplash.com']]'
INFO: 2023-04-20 14:08:08,468: log_options() 'stats_enabled = True'
INFO: 2023-04-20 14:08:08,468: log_options() 'stats_notice_shown = False'
INFO: 2023-04-20 14:08:08,468: log_options() 'sync_enabled = True'
INFO: 2023-04-20 14:08:08,468: log_options() 'use_landscape_enabled = True'
INFO: 2023-04-20 14:08:08,468: log_options() 'wallhaven_api_key = '
INFO: 2023-04-20 14:08:08,468: log_options() 'wallpaper_auto_rotate = False'
INFO: 2023-04-20 14:08:08,468: log_options() 'wallpaper_display_mode = os'
INFO: 2023-04-20 14:08:08,468: reload_config() 'No need to clear prepared queue'
INFO: 2023-04-20 14:08:08,468: update_indicator() 'Setting file info to: /usr/share/backgrounds/gnome/adwaita-l.webp'
INFO: 2023-04-20 14:08:08,468: load_banned() 'Missing or invalid banned URLs list, no URLs will be banned'
INFO: 2023-04-20 14:08:08,468: load_last_change_time() 'Change interval < 6 hours, ignore persisted last_change_time, wait initially the whole interval: 300'
INFO: 2023-04-20 14:08:08,468: update_indicator() 'Setting file info to: /usr/share/backgrounds/gnome/adwaita-l.webp'
INFO: 2023-04-20 14:08:08,469: regular_change_thread() 'regular_change thread running'
INFO: 2023-04-20 14:08:08,469: prepare_thread() 'Prepare thread running'
INFO: 2023-04-20 14:08:08,469: get_throttling() 'Flickr: parsing serverside options'
INFO: 2023-04-20 14:08:08,470: get_throttling() 'Could not parse Flickr serverside options, using defaults 120, 20'
INFO: 2023-04-20 14:08:08,470: get_throttling() 'Flickr: parsing serverside options'
INFO: 2023-04-20 14:08:08,469: prepare_thread() 'Prepared buffer contains 0 images'
INFO: 2023-04-20 14:08:08,470: get_throttling() 'Could not parse Flickr serverside options, using defaults 120, 20'
INFO: 2023-04-20 14:08:08,470: prepare_thread() 'Preparing some images'
INFO: 2023-04-20 14:08:08,470: update_indicator_icon() 'Creating indicator'
INFO: 2023-04-20 14:08:08,470: download_one() 'Flickr: Downloading an image, config: user:www.flickr.com/photos/peter-levi/;user_id:93647178@N00;'
INFO: 2023-04-20 14:08:08,470: download_one() 'Flickr: Queue size: 0'
INFO: 2023-04-20 14:08:08,470: get_throttling() 'Flickr: parsing serverside options'
INFO: 2023-04-20 14:08:08,470: get_throttling() 'Could not parse Flickr serverside options, using defaults 120, 20'
INFO: 2023-04-20 14:08:08,471: download_one() 'Flickr: Filling queue'
INFO: 2023-04-20 14:08:08,471: fetch() 'Making flickr API call: https://api.flickr.com/services/rest/?method=flickr.photos.search&api_key=0553a848c09bcfd21d3a984d9408c04e&per_page=500&tag_mode=all&format=json&nojsoncallback=1&user_id=93647178@N00'
INFO: 2023-04-20 14:08:08,471: trigger_download() 'Triggering download thread to check if download needed and possible'
INFO: 2023-04-20 14:08:08,471: prepare_thread() 'After search prepared buffer contains 0 images'
WARNING: 2023-04-20 14:08:08,477: create_menu() 'Variety Slideshow is not installed. This is an optional extension adding pan-and-zoom slideshows to Variety: see https://github.com/peterlevi/variety-slideshow for details'
INFO: 2023-04-20 14:08:08,477: create_indicator() 'indicator backend: fallback tray'
INFO: 2023-04-20 14:08:08,479: set_from_theme_icon() 'Showing status icon variety-indicator from GTK theme'
INFO: 2023-04-20 14:08:08,479: makedirs() 'Creating folder /home/vylssius/.config/autostart'
INFO: 2023-04-20 14:08:08,569: do_set_wp() 'Calling do_set_wp with /usr/share/backgrounds/gnome/adwaita-l.webp, time: 1682017688.5691338'
INFO: 2023-04-20 14:08:08,569: do_set_wp() 'Missing file or bad permissions, will not use it: /usr/share/backgrounds/gnome/adwaita-l.webp'
INFO: 2023-04-20 14:08:08,680: reload() 'Reloading preferences dialog'
ERROR: 2023-04-20 14:08:08,680: get_xdg_pictures_folder() 'Could not get path to Pictures folder. Defaulting to ~/Pictures.'
Traceback (most recent call last):
  File "/usr/lib/python3.10/site-packages/variety/Util.py", line 815, in get_xdg_pictures_folder
    raise Exception("Could not get path to Pictures folder. Defaulting to ~/Pictures.")
Exception: Could not get path to Pictures folder. Defaulting to ~/Pictures.
ERROR: 2023-04-20 14:08:08,681: get_xdg_pictures_folder() 'Could not get path to Pictures folder. Defaulting to ~/Pictures.'
Traceback (most recent call last):
  File "/usr/lib/python3.10/site-packages/variety/Util.py", line 815, in get_xdg_pictures_folder
    raise Exception("Could not get path to Pictures folder. Defaulting to ~/Pictures.")
Exception: Could not get path to Pictures folder. Defaulting to ~/Pictures.
ERROR: 2023-04-20 14:08:08,684: get_xdg_pictures_folder() 'Could not get path to Pictures folder. Defaulting to ~/Pictures.'
Traceback (most recent call last):
  File "/usr/lib/python3.10/site-packages/variety/Util.py", line 815, in get_xdg_pictures_folder
    raise Exception("Could not get path to Pictures folder. Defaulting to ~/Pictures.")
Exception: Could not get path to Pictures folder. Defaulting to ~/Pictures.
ERROR: 2023-04-20 14:08:08,684: get_file_icon_name() 'Exception while obtaining folder icon for /home/vylssius/Pictures:'
Traceback (most recent call last):
  File "/usr/lib/python3.10/site-packages/variety/Util.py", line 800, in get_file_icon_name
    query_info = f.query_info("standard::icon", Gio.FileQueryInfoFlags.NONE, None)
gi.repository.GLib.GError: g-io-error-quark: Error when getting information for file “/home/vylssius/Pictures”: No such file or directory (1)
ERROR: 2023-04-20 14:08:08,685: get_file_icon_name() 'Exception while obtaining folder icon for /home/vylssius/Pictures:'
Traceback (most recent call last):
  File "/usr/lib/python3.10/site-packages/variety/Util.py", line 800, in get_file_icon_name
    query_info = f.query_info("standard::icon", Gio.FileQueryInfoFlags.NONE, None)
gi.repository.GLib.GError: g-io-error-quark: Error when getting information for file “/home/vylssius/Pictures”: No such file or directory (1)
INFO: 2023-04-20 14:08:08,877: fill_queue() '1 pages in the search results, using page 1'
INFO: 2023-04-20 14:08:08,877: fetch() 'Making flickr API call: https://api.flickr.com/services/rest/?method=flickr.photos.search&api_key=0553a848c09bcfd21d3a984d9408c04e&per_page=500&tag_mode=all&format=json&nojsoncallback=1&user_id=93647178@N00&extras=owner_name,description,tags,o_dims,url_o,url_k,url_h,url_l&page=1'
INFO: 2023-04-20 14:08:09,460: process_photos_in_response() 'Queue size is 0, populating with images for size suffix o'
INFO: 2023-04-20 14:08:09,465: download_one() 'Flickr: Queue populated with 81 URLs'
INFO: 2023-04-20 14:08:09,465: save_locally() 'Origin URL: https://www.flickr.com/photos/93647178@N00/7527828096'
INFO: 2023-04-20 14:08:09,465: save_locally() 'Image URL: https://live.staticflickr.com/7131/7527828096_f8dee24005_o.jpg'
INFO: 2023-04-20 14:08:09,465: save_locally() 'Local path: /home/vylssius/.config/variety/Downloaded/flickr_user_www_flickr_com_photos_peter_levi__user_id_93647178_N00_/7527828096_f8dee24005_o.jpg'
INFO: 2023-04-20 14:08:09,967: save_locally() 'Download complete'
INFO: 2023-04-20 14:08:09,967: update_indicator() 'Setting file info to: /usr/share/backgrounds/gnome/adwaita-l.webp'
INFO: 2023-04-20 14:08:09,967: download_one_from() 'Adding downloaded file /home/vylssius/.config/variety/Downloaded/flickr_user_www_flickr_com_photos_peter_levi__user_id_93647178_N00_/7527828096_f8dee24005_o.jpg to unseen_downloads'
INFO: 2023-04-20 14:08:10,472: trigger_download() 'Triggering download thread to check if download needed and possible'
INFO: 2023-04-20 14:08:10,969: get_throttling() 'Flickr: parsing serverside options'
INFO: 2023-04-20 14:08:10,969: get_throttling() 'Could not parse Flickr serverside options, using defaults 120, 20'
INFO: 2023-04-20 14:08:10,969: get_throttling() 'Flickr: parsing serverside options'
INFO: 2023-04-20 14:08:10,969: get_throttling() 'Could not parse Flickr serverside options, using defaults 120, 20'
INFO: 2023-04-20 14:08:10,969: download_one() 'Flickr: Downloading an image, config: user:www.flickr.com/photos/peter-levi/;user_id:93647178@N00;'
INFO: 2023-04-20 14:08:10,970: download_one() 'Flickr: Queue size: 80'
INFO: 2023-04-20 14:08:10,970: download_one() 'Flickr: Queue populated with 80 URLs'
INFO: 2023-04-20 14:08:10,970: save_locally() 'Origin URL: https://www.flickr.com/photos/93647178@N00/7527889308'
INFO: 2023-04-20 14:08:10,970: save_locally() 'Image URL: https://live.staticflickr.com/7259/7527889308_187dd97dbd_o.jpg'
INFO: 2023-04-20 14:08:10,970: save_locally() 'Local path: /home/vylssius/.config/variety/Downloaded/flickr_user_www_flickr_com_photos_peter_levi__user_id_93647178_N00_/7527889308_187dd97dbd_o.jpg'
INFO: 2023-04-20 14:08:11,368: save_locally() 'Download complete'
INFO: 2023-04-20 14:08:11,368: update_indicator() 'Setting file info to: /usr/share/backgrounds/gnome/adwaita-l.webp'
INFO: 2023-04-20 14:08:11,368: list_files() 'More than 1 files in the folders, stop listing'
INFO: 2023-04-20 14:08:11,368: download_one_from() 'Adding downloaded file /home/vylssius/.config/variety/Downloaded/flickr_user_www_flickr_com_photos_peter_levi__user_id_93647178_N00_/7527889308_187dd97dbd_o.jpg to unseen_downloads'
INFO: 2023-04-20 14:08:12,370: get_throttling() 'Flickr: parsing serverside options'
INFO: 2023-04-20 14:08:12,370: get_throttling() 'Could not parse Flickr serverside options, using defaults 120, 20'
INFO: 2023-04-20 14:08:12,370: get_throttling() 'Flickr: parsing serverside options'
INFO: 2023-04-20 14:08:12,371: get_throttling() 'Could not parse Flickr serverside options, using defaults 120, 20'
INFO: 2023-04-20 14:08:12,371: download_one() 'Flickr: Downloading an image, config: user:www.flickr.com/photos/peter-levi/;user_id:93647178@N00;'
INFO: 2023-04-20 14:08:12,371: download_one() 'Flickr: Queue size: 79'
INFO: 2023-04-20 14:08:12,371: download_one() 'Flickr: Queue populated with 79 URLs'
INFO: 2023-04-20 14:08:12,371: save_locally() 'Origin URL: https://www.flickr.com/photos/93647178@N00/7527959006'
INFO: 2023-04-20 14:08:12,371: save_locally() 'Image URL: https://live.staticflickr.com/8142/7527959006_f6738dbd44_o.jpg'
INFO: 2023-04-20 14:08:12,371: save_locally() 'Local path: /home/vylssius/.config/variety/Downloaded/flickr_user_www_flickr_com_photos_peter_levi__user_id_93647178_N00_/7527959006_f6738dbd44_o.jpg'
INFO: 2023-04-20 14:08:12,782: save_locally() 'Download complete'
INFO: 2023-04-20 14:08:12,782: update_indicator() 'Setting file info to: /usr/share/backgrounds/gnome/adwaita-l.webp'
INFO: 2023-04-20 14:08:12,782: list_files() 'More than 1 files in the folders, stop listing'
INFO: 2023-04-20 14:08:12,782: download_one_from() 'Adding downloaded file /home/vylssius/.config/variety/Downloaded/flickr_user_www_flickr_com_photos_peter_levi__user_id_93647178_N00_/7527959006_f6738dbd44_o.jpg to unseen_downloads'
INFO: 2023-04-20 14:08:13,784: get_throttling() 'Flickr: parsing serverside options'
INFO: 2023-04-20 14:08:13,784: get_throttling() 'Could not parse Flickr serverside options, using defaults 120, 20'
INFO: 2023-04-20 14:08:13,784: get_throttling() 'Flickr: parsing serverside options'
INFO: 2023-04-20 14:08:13,785: get_throttling() 'Could not parse Flickr serverside options, using defaults 120, 20'
INFO: 2023-04-20 14:08:13,785: download_one() 'Flickr: Downloading an image, config: user:www.flickr.com/photos/peter-levi/;user_id:93647178@N00;'
INFO: 2023-04-20 14:08:13,785: download_one() 'Flickr: Queue size: 78'
INFO: 2023-04-20 14:08:13,785: download_one() 'Flickr: Queue populated with 78 URLs'
INFO: 2023-04-20 14:08:13,785: save_locally() 'Origin URL: https://www.flickr.com/photos/93647178@N00/7527828994'
INFO: 2023-04-20 14:08:13,785: save_locally() 'Image URL: https://live.staticflickr.com/8008/7527828994_66d2128a55_o.jpg'
INFO: 2023-04-20 14:08:13,785: save_locally() 'Local path: /home/vylssius/.config/variety/Downloaded/flickr_user_www_flickr_com_photos_peter_levi__user_id_93647178_N00_/7527828994_66d2128a55_o.jpg'
INFO: 2023-04-20 14:08:14,174: save_locally() 'Download complete'
INFO: 2023-04-20 14:08:14,174: update_indicator() 'Setting file info to: /usr/share/backgrounds/gnome/adwaita-l.webp'
INFO: 2023-04-20 14:08:14,174: list_files() 'More than 1 files in the folders, stop listing'
INFO: 2023-04-20 14:08:14,174: download_one_from() 'Adding downloaded file /home/vylssius/.config/variety/Downloaded/flickr_user_www_flickr_com_photos_peter_levi__user_id_93647178_N00_/7527828994_66d2128a55_o.jpg to unseen_downloads'
INFO: 2023-04-20 14:08:15,175: get_throttling() 'Flickr: parsing serverside options'
INFO: 2023-04-20 14:08:15,176: get_throttling() 'Could not parse Flickr serverside options, using defaults 120, 20'
INFO: 2023-04-20 14:08:15,176: get_throttling() 'Flickr: parsing serverside options'
INFO: 2023-04-20 14:08:15,176: get_throttling() 'Could not parse Flickr serverside options, using defaults 120, 20'
INFO: 2023-04-20 14:08:15,176: download_one() 'Flickr: Downloading an image, config: user:www.flickr.com/photos/peter-levi/;user_id:93647178@N00;'
INFO: 2023-04-20 14:08:15,176: download_one() 'Flickr: Queue size: 77'
INFO: 2023-04-20 14:08:15,176: download_one() 'Flickr: Queue populated with 77 URLs'
INFO: 2023-04-20 14:08:15,176: save_locally() 'Origin URL: https://www.flickr.com/photos/93647178@N00/7527941882'
INFO: 2023-04-20 14:08:15,176: save_locally() 'Image URL: https://live.staticflickr.com/7269/7527941882_b35c65627a_o.jpg'
INFO: 2023-04-20 14:08:15,177: save_locally() 'Local path: /home/vylssius/.config/variety/Downloaded/flickr_user_www_flickr_com_photos_peter_levi__user_id_93647178_N00_/7527941882_b35c65627a_o.jpg'
INFO: 2023-04-20 14:08:15,619: save_locally() 'Download complete'
INFO: 2023-04-20 14:08:15,619: update_indicator() 'Setting file info to: /usr/share/backgrounds/gnome/adwaita-l.webp'
INFO: 2023-04-20 14:08:15,619: list_files() 'More than 1 files in the folders, stop listing'
INFO: 2023-04-20 14:08:15,619: download_one_from() 'Adding downloaded file /home/vylssius/.config/variety/Downloaded/flickr_user_www_flickr_com_photos_peter_levi__user_id_93647178_N00_/7527941882_b35c65627a_o.jpg to unseen_downloads'
INFO: 2023-04-20 14:08:16,621: get_throttling() 'Flickr: parsing serverside options'
INFO: 2023-04-20 14:08:16,621: get_throttling() 'Could not parse Flickr serverside options, using defaults 120, 20'
INFO: 2023-04-20 14:08:16,621: get_throttling() 'Flickr: parsing serverside options'
INFO: 2023-04-20 14:08:16,621: get_throttling() 'Could not parse Flickr serverside options, using defaults 120, 20'
INFO: 2023-04-20 14:08:16,621: download_one() 'Flickr: Downloading an image, config: user:www.flickr.com/photos/peter-levi/;user_id:93647178@N00;'
INFO: 2023-04-20 14:08:16,621: download_one() 'Flickr: Queue size: 76'
INFO: 2023-04-20 14:08:16,622: download_one() 'Flickr: Queue populated with 76 URLs'
INFO: 2023-04-20 14:08:16,622: save_locally() 'Origin URL: https://www.flickr.com/photos/93647178@N00/7527949260'
INFO: 2023-04-20 14:08:16,622: save_locally() 'Image URL: https://live.staticflickr.com/8005/7527949260_70b551dd7e_o.jpg'
INFO: 2023-04-20 14:08:16,622: save_locally() 'Local path: /home/vylssius/.config/variety/Downloaded/flickr_user_www_flickr_com_photos_peter_levi__user_id_93647178_N00_/7527949260_70b551dd7e_o.jpg'
INFO: 2023-04-20 14:08:17,043: save_locally() 'Download complete'
INFO: 2023-04-20 14:08:17,043: update_indicator() 'Setting file info to: /usr/share/backgrounds/gnome/adwaita-l.webp'
INFO: 2023-04-20 14:08:17,043: list_files() 'More than 1 files in the folders, stop listing'
INFO: 2023-04-20 14:08:17,043: download_one_from() 'Adding downloaded file /home/vylssius/.config/variety/Downloaded/flickr_user_www_flickr_com_photos_peter_levi__user_id_93647178_N00_/7527949260_70b551dd7e_o.jpg to unseen_downloads'
INFO: 2023-04-20 14:08:18,045: get_throttling() 'Flickr: parsing serverside options'
INFO: 2023-04-20 14:08:18,045: get_throttling() 'Could not parse Flickr serverside options, using defaults 120, 20'
INFO: 2023-04-20 14:08:18,045: get_throttling() 'Flickr: parsing serverside options'
INFO: 2023-04-20 14:08:18,045: get_throttling() 'Could not parse Flickr serverside options, using defaults 120, 20'
INFO: 2023-04-20 14:08:18,046: download_one() 'Flickr: Downloading an image, config: user:www.flickr.com/photos/peter-levi/;user_id:93647178@N00;'
INFO: 2023-04-20 14:08:18,046: download_one() 'Flickr: Queue size: 75'
INFO: 2023-04-20 14:08:18,046: download_one() 'Flickr: Queue populated with 75 URLs'
INFO: 2023-04-20 14:08:18,046: save_locally() 'Origin URL: https://www.flickr.com/photos/93647178@N00/7527945144'
INFO: 2023-04-20 14:08:18,046: save_locally() 'Image URL: https://live.staticflickr.com/7134/7527945144_92531e2de5_o.jpg'
INFO: 2023-04-20 14:08:18,046: save_locally() 'Local path: /home/vylssius/.config/variety/Downloaded/flickr_user_www_flickr_com_photos_peter_levi__user_id_93647178_N00_/7527945144_92531e2de5_o.jpg'
INFO: 2023-04-20 14:08:18,445: save_locally() 'Download complete'
INFO: 2023-04-20 14:08:18,446: update_indicator() 'Setting file info to: /usr/share/backgrounds/gnome/adwaita-l.webp'
INFO: 2023-04-20 14:08:18,446: list_files() 'More than 1 files in the folders, stop listing'
INFO: 2023-04-20 14:08:18,446: download_one_from() 'Adding downloaded file /home/vylssius/.config/variety/Downloaded/flickr_user_www_flickr_com_photos_peter_levi__user_id_93647178_N00_/7527945144_92531e2de5_o.jpg to unseen_downloads'
INFO: 2023-04-20 14:08:19,448: get_throttling() 'Flickr: parsing serverside options'
INFO: 2023-04-20 14:08:19,448: get_throttling() 'Could not parse Flickr serverside options, using defaults 120, 20'
INFO: 2023-04-20 14:08:19,448: get_throttling() 'Flickr: parsing serverside options'
INFO: 2023-04-20 14:08:19,448: get_throttling() 'Could not parse Flickr serverside options, using defaults 120, 20'
INFO: 2023-04-20 14:08:19,449: download_one() 'Flickr: Downloading an image, config: user:www.flickr.com/photos/peter-levi/;user_id:93647178@N00;'
INFO: 2023-04-20 14:08:19,449: download_one() 'Flickr: Queue size: 74'
INFO: 2023-04-20 14:08:19,449: download_one() 'Flickr: Queue populated with 74 URLs'
INFO: 2023-04-20 14:08:19,449: save_locally() 'Origin URL: https://www.flickr.com/photos/93647178@N00/7527888146'
INFO: 2023-04-20 14:08:19,449: save_locally() 'Image URL: https://live.staticflickr.com/7257/7527888146_1fc437a119_o.jpg'
INFO: 2023-04-20 14:08:19,449: save_locally() 'Local path: /home/vylssius/.config/variety/Downloaded/flickr_user_www_flickr_com_photos_peter_levi__user_id_93647178_N00_/7527888146_1fc437a119_o.jpg'
INFO: 2023-04-20 14:08:19,901: save_locally() 'Download complete'
INFO: 2023-04-20 14:08:19,901: update_indicator() 'Setting file info to: /usr/share/backgrounds/gnome/adwaita-l.webp'
INFO: 2023-04-20 14:08:19,901: list_files() 'More than 1 files in the folders, stop listing'
INFO: 2023-04-20 14:08:19,902: download_one_from() 'Adding downloaded file /home/vylssius/.config/variety/Downloaded/flickr_user_www_flickr_com_photos_peter_levi__user_id_93647178_N00_/7527888146_1fc437a119_o.jpg to unseen_downloads'
INFO: 2023-04-20 14:08:20,903: get_throttling() 'Flickr: parsing serverside options'
INFO: 2023-04-20 14:08:20,903: get_throttling() 'Could not parse Flickr serverside options, using defaults 120, 20'
INFO: 2023-04-20 14:08:20,904: get_throttling() 'Flickr: parsing serverside options'
INFO: 2023-04-20 14:08:20,904: get_throttling() 'Could not parse Flickr serverside options, using defaults 120, 20'
INFO: 2023-04-20 14:08:20,904: download_one() 'Flickr: Downloading an image, config: user:www.flickr.com/photos/peter-levi/;user_id:93647178@N00;'
INFO: 2023-04-20 14:08:20,904: download_one() 'Flickr: Queue size: 73'
INFO: 2023-04-20 14:08:20,904: download_one() 'Flickr: Queue populated with 73 URLs'
INFO: 2023-04-20 14:08:20,904: save_locally() 'Origin URL: https://www.flickr.com/photos/93647178@N00/7527831460'
INFO: 2023-04-20 14:08:20,904: save_locally() 'Image URL: https://live.staticflickr.com/7258/7527831460_2d93e6fff7_o.jpg'
INFO: 2023-04-20 14:08:20,904: save_locally() 'Local path: /home/vylssius/.config/variety/Downloaded/flickr_user_www_flickr_com_photos_peter_levi__user_id_93647178_N00_/7527831460_2d93e6fff7_o.jpg'
INFO: 2023-04-20 14:08:21,249: save_locally() 'Download complete'
INFO: 2023-04-20 14:08:21,249: update_indicator() 'Setting file info to: /usr/share/backgrounds/gnome/adwaita-l.webp'
INFO: 2023-04-20 14:08:21,250: list_files() 'More than 1 files in the folders, stop listing'
INFO: 2023-04-20 14:08:21,250: download_one_from() 'Adding downloaded file /home/vylssius/.config/variety/Downloaded/flickr_user_www_flickr_com_photos_peter_levi__user_id_93647178_N00_/7527831460_2d93e6fff7_o.jpg to unseen_downloads'
INFO: 2023-04-20 14:08:22,251: get_throttling() 'Flickr: parsing serverside options'
INFO: 2023-04-20 14:08:22,251: get_throttling() 'Could not parse Flickr serverside options, using defaults 120, 20'
INFO: 2023-04-20 14:08:22,251: get_throttling() 'Flickr: parsing serverside options'
INFO: 2023-04-20 14:08:22,251: get_throttling() 'Could not parse Flickr serverside options, using defaults 120, 20'
INFO: 2023-04-20 14:08:22,251: download_one() 'Flickr: Downloading an image, config: user:www.flickr.com/photos/peter-levi/;user_id:93647178@N00;'
INFO: 2023-04-20 14:08:22,251: download_one() 'Flickr: Queue size: 72'
INFO: 2023-04-20 14:08:22,251: download_one() 'Flickr: Queue populated with 72 URLs'
INFO: 2023-04-20 14:08:22,251: save_locally() 'Origin URL: https://www.flickr.com/photos/93647178@N00/7527891850'
INFO: 2023-04-20 14:08:22,251: save_locally() 'Image URL: https://live.staticflickr.com/7252/7527891850_8c1016ec86_o.jpg'
INFO: 2023-04-20 14:08:22,251: save_locally() 'Local path: /home/vylssius/.config/variety/Downloaded/flickr_user_www_flickr_com_photos_peter_levi__user_id_93647178_N00_/7527891850_8c1016ec86_o.jpg'
INFO: 2023-04-20 14:08:22,647: save_locally() 'Download complete'
INFO: 2023-04-20 14:08:22,647: update_indicator() 'Setting file info to: /usr/share/backgrounds/gnome/adwaita-l.webp'
INFO: 2023-04-20 14:08:22,648: list_files() 'More than 1 files in the folders, stop listing'
INFO: 2023-04-20 14:08:22,648: download_one_from() 'Adding downloaded file /home/vylssius/.config/variety/Downloaded/flickr_user_www_flickr_com_photos_peter_levi__user_id_93647178_N00_/7527891850_8c1016ec86_o.jpg to unseen_downloads'
INFO: 2023-04-20 14:08:23,650: get_throttling() 'Flickr: parsing serverside options'
INFO: 2023-04-20 14:08:23,650: get_throttling() 'Could not parse Flickr serverside options, using defaults 120, 20'
INFO: 2023-04-20 14:08:23,650: get_throttling() 'Flickr: parsing serverside options'
INFO: 2023-04-20 14:08:23,650: get_throttling() 'Could not parse Flickr serverside options, using defaults 120, 20'
INFO: 2023-04-20 14:08:23,650: download_one() 'Flickr: Downloading an image, config: user:www.flickr.com/photos/peter-levi/;user_id:93647178@N00;'
INFO: 2023-04-20 14:08:23,650: download_one() 'Flickr: Queue size: 71'
INFO: 2023-04-20 14:08:23,651: download_one() 'Flickr: Queue populated with 71 URLs'
INFO: 2023-04-20 14:08:23,651: save_locally() 'Origin URL: https://www.flickr.com/photos/93647178@N00/7527965402'
INFO: 2023-04-20 14:08:23,651: save_locally() 'Image URL: https://live.staticflickr.com/7131/7527965402_cc0ca7db48_o.jpg'
INFO: 2023-04-20 14:08:23,651: save_locally() 'Local path: /home/vylssius/.config/variety/Downloaded/flickr_user_www_flickr_com_photos_peter_levi__user_id_93647178_N00_/7527965402_cc0ca7db48_o.jpg'
INFO: 2023-04-20 14:08:24,100: save_locally() 'Download complete'
INFO: 2023-04-20 14:08:24,100: update_indicator() 'Setting file info to: /usr/share/backgrounds/gnome/adwaita-l.webp'
INFO: 2023-04-20 14:08:24,100: list_files() 'More than 1 files in the folders, stop listing'
INFO: 2023-04-20 14:08:24,100: download_one_from() 'Adding downloaded file /home/vylssius/.config/variety/Downloaded/flickr_user_www_flickr_com_photos_peter_levi__user_id_93647178_N00_/7527965402_cc0ca7db48_o.jpg to unseen_downloads'
INFO: 2023-04-20 14:08:28,487: server_options_thread() 'Fetching server options from http://tiny.cc/variety-options-063'
INFO: 2023-04-20 14:08:29,208: server_options_thread() 'Fetched server options: {'flickr': {'min_fill_queue_interval': 1200, 'min_download_interval': 1200}, 'wallbase': {'min_fill_queue_interval': 1800, 'min_download_interval': 1800}, 'wallhaven': {'min_fill_queue_interval': 1800, 'min_download_interval': 1800}, 'wallpapers.net': {'min_fill_queue_interval': 601, 'min_download_interval': 0}, 'unsplash': {'min_fill_queue_interval': 20000000000, 'min_download_interval': 20000000000}, 'unsplash_v2': {'min_fill_queue_interval': 3600, 'min_download_interval': 1800}, 'status_message': {'0.0.1': '', '*': ''}}'
INFO: 2023-04-20 14:08:52,748: apply() 'Applying preferences'
ERROR: 2023-04-20 14:08:52,749: get_xdg_pictures_folder() 'Could not get path to Pictures folder. Defaulting to ~/Pictures.'
Traceback (most recent call last):
  File "/usr/lib/python3.10/site-packages/variety/Util.py", line 815, in get_xdg_pictures_folder
    raise Exception("Could not get path to Pictures folder. Defaulting to ~/Pictures.")
Exception: Could not get path to Pictures folder. Defaulting to ~/Pictures.
ERROR: 2023-04-20 14:08:52,751: get_xdg_pictures_folder() 'Could not get path to Pictures folder. Defaulting to ~/Pictures.'
Traceback (most recent call last):
  File "/usr/lib/python3.10/site-packages/variety/Util.py", line 815, in get_xdg_pictures_folder
    raise Exception("Could not get path to Pictures folder. Defaulting to ~/Pictures.")
Exception: Could not get path to Pictures folder. Defaulting to ~/Pictures.
ERROR: 2023-04-20 14:08:52,752: get_xdg_pictures_folder() 'Could not get path to Pictures folder. Defaulting to ~/Pictures.'
Traceback (most recent call last):
  File "/usr/lib/python3.10/site-packages/variety/Util.py", line 815, in get_xdg_pictures_folder
    raise Exception("Could not get path to Pictures folder. Defaulting to ~/Pictures.")
Exception: Could not get path to Pictures folder. Defaulting to ~/Pictures.
ERROR: 2023-04-20 14:08:52,755: get_xdg_pictures_folder() 'Could not get path to Pictures folder. Defaulting to ~/Pictures.'
Traceback (most recent call last):
  File "/usr/lib/python3.10/site-packages/variety/Util.py", line 815, in get_xdg_pictures_folder
    raise Exception("Could not get path to Pictures folder. Defaulting to ~/Pictures.")
Exception: Could not get path to Pictures folder. Defaulting to ~/Pictures.
ERROR: 2023-04-20 14:08:52,756: get_xdg_pictures_folder() 'Could not get path to Pictures folder. Defaulting to ~/Pictures.'
Traceback (most recent call last):
  File "/usr/lib/python3.10/site-packages/variety/Util.py", line 815, in get_xdg_pictures_folder
    raise Exception("Could not get path to Pictures folder. Defaulting to ~/Pictures.")
Exception: Could not get path to Pictures folder. Defaulting to ~/Pictures.
INFO: 2023-04-20 14:08:52,757: set_visible() 'Showing status icon'
INFO: 2023-04-20 14:08:52,757: log_options() 'Loaded options:'
INFO: 2023-04-20 14:08:52,757: set_from_theme_icon() 'Showing status icon variety-indicator from GTK theme'
INFO: 2023-04-20 14:08:52,757: log_options() 'change_enabled = True'
INFO: 2023-04-20 14:08:52,758: log_options() 'change_interval = 300'
INFO: 2023-04-20 14:08:52,758: log_options() 'change_on_start = False'
INFO: 2023-04-20 14:08:52,758: log_options() 'clipboard_enabled = False'
INFO: 2023-04-20 14:08:52,758: log_options() 'clipboard_hosts = ['wallhaven.cc', 'wallpapers.net', 'flickr.com', 'imgur.com', 'deviantart.com', 'interfacelift.com', 'vladstudio.com', 'imageshack.us', 'deviantart.net', 'imageshack.com']'
INFO: 2023-04-20 14:08:52,758: log_options() 'clipboard_use_whitelist = True'
INFO: 2023-04-20 14:08:52,758: log_options() 'clock_date_font = Serif 30'
INFO: 2023-04-20 14:08:52,758: log_options() 'clock_enabled = False'
INFO: 2023-04-20 14:08:52,758: log_options() 'clock_filter = -density 100 -font `fc-match -f '%{file[0]}' '%CLOCK_FONT_NAME'` -pointsize %CLOCK_FONT_SIZE -gravity SouthEast -fill '#00000044' -annotate 0x0+[%HOFFSET+58]+[%VOFFSET+108] '%H:%M' -fill white -annotate 0x0+[%HOFFSET+60]+[%VOFFSET+110] '%H:%M' -font `fc-match -f '%{file[0]}' '%DATE_FONT_NAME'` -pointsize %DATE_FONT_SIZE -fill '#00000044' -annotate 0x0+[%HOFFSET+58]+[%VOFFSET+58] '%A, %B %d' -fill white -annotate 0x0+[%HOFFSET+60]+[%VOFFSET+60] '%A, %B %d''
INFO: 2023-04-20 14:08:52,758: log_options() 'clock_font = Serif 70'
INFO: 2023-04-20 14:08:52,758: log_options() 'configfile = /home/vylssius/.config/variety/variety.conf'
INFO: 2023-04-20 14:08:52,758: log_options() 'copyto_enabled = False'
INFO: 2023-04-20 14:08:52,758: log_options() 'copyto_folder = Default'
INFO: 2023-04-20 14:08:52,758: log_options() 'desired_color = [160, 160, 160]'
INFO: 2023-04-20 14:08:52,758: log_options() 'desired_color_enabled = False'
INFO: 2023-04-20 14:08:52,758: log_options() 'download_folder = /home/vylssius/.config/variety/Downloaded'
INFO: 2023-04-20 14:08:52,758: log_options() 'download_preference_ratio = 0.9'
INFO: 2023-04-20 14:08:52,758: log_options() 'favorites_folder = /home/vylssius/.config/variety/Favorites'
INFO: 2023-04-20 14:08:52,758: log_options() 'favorites_operations = [['Downloaded', 'Copy'], ['Fetched', 'Move'], ['Others', 'Copy']]'
INFO: 2023-04-20 14:08:52,758: log_options() 'fetched_folder = /home/vylssius/.config/variety/Fetched'
INFO: 2023-04-20 14:08:52,758: log_options() 'filters = [[False, 'Keep original', ''], [False, 'Grayscale', '-type Grayscale'], [False, 'Heavy blur', '-scale 20% -blur 0x10 -resize 500%'], [False, 'Soft blur', '-scale 20% -blur 0x2 -resize 500%'], [False, 'Oil painting', '-paint 8'], [False, 'Pointilism', '-spread 10 -noise 3'], [False, 'Pixellate', '-scale 3% -scale 3333%']]'
INFO: 2023-04-20 14:08:52,758: log_options() 'get_wallpaper_script = /home/vylssius/.config/variety/scripts/get_wallpaper'
INFO: 2023-04-20 14:08:52,758: log_options() 'icon = Light'
INFO: 2023-04-20 14:08:52,758: log_options() 'internet_enabled = True'
INFO: 2023-04-20 14:08:52,758: log_options() 'lightness_enabled = False'
INFO: 2023-04-20 14:08:52,758: log_options() 'lightness_mode = 0'
INFO: 2023-04-20 14:08:52,758: log_options() 'min_rating = 4'
INFO: 2023-04-20 14:08:52,758: log_options() 'min_rating_enabled = False'
INFO: 2023-04-20 14:08:52,759: log_options() 'min_size = 80'
INFO: 2023-04-20 14:08:52,759: log_options() 'min_size_enabled = False'
INFO: 2023-04-20 14:08:52,759: log_options() 'quota_enabled = True'
INFO: 2023-04-20 14:08:52,759: log_options() 'quota_size = 1000'
INFO: 2023-04-20 14:08:52,759: log_options() 'quotes_authors = '
INFO: 2023-04-20 14:08:52,759: log_options() 'quotes_bg_color = [80, 80, 80]'
INFO: 2023-04-20 14:08:52,759: log_options() 'quotes_bg_opacity = 55'
INFO: 2023-04-20 14:08:52,759: log_options() 'quotes_change_enabled = False'
INFO: 2023-04-20 14:08:52,759: log_options() 'quotes_change_interval = 300'
INFO: 2023-04-20 14:08:52,759: log_options() 'quotes_disabled_sources = ['Urban Dictionary']'
INFO: 2023-04-20 14:08:52,759: log_options() 'quotes_enabled = False'
INFO: 2023-04-20 14:08:52,759: log_options() 'quotes_favorites_file = /home/vylssius/.config/variety/favorite_quotes.txt'
INFO: 2023-04-20 14:08:52,759: log_options() 'quotes_font = Serif 30'
INFO: 2023-04-20 14:08:52,759: log_options() 'quotes_hpos = 100'
INFO: 2023-04-20 14:08:52,759: log_options() 'quotes_max_length = 250'
INFO: 2023-04-20 14:08:52,759: log_options() 'quotes_tags = '
INFO: 2023-04-20 14:08:52,759: log_options() 'quotes_text_color = [255, 255, 255]'
INFO: 2023-04-20 14:08:52,759: log_options() 'quotes_text_shadow = False'
INFO: 2023-04-20 14:08:52,759: log_options() 'quotes_vpos = 40'
INFO: 2023-04-20 14:08:52,759: log_options() 'quotes_width = 70'
INFO: 2023-04-20 14:08:52,759: log_options() 'safe_mode = False'
INFO: 2023-04-20 14:08:52,759: log_options() 'set_wallpaper_script = /home/vylssius/.config/variety/scripts/set_wallpaper'
INFO: 2023-04-20 14:08:52,759: log_options() 'slideshow_custom_enabled = False'
INFO: 2023-04-20 14:08:52,759: log_options() 'slideshow_custom_folder = /home/vylssius/Pictures'
INFO: 2023-04-20 14:08:52,759: log_options() 'slideshow_downloads_enabled = False'
INFO: 2023-04-20 14:08:52,759: log_options() 'slideshow_fade = 0.4'
INFO: 2023-04-20 14:08:52,759: log_options() 'slideshow_favorites_enabled = True'
INFO: 2023-04-20 14:08:52,759: log_options() 'slideshow_mode = Fullscreen'
INFO: 2023-04-20 14:08:52,759: log_options() 'slideshow_monitor = All'
INFO: 2023-04-20 14:08:52,759: log_options() 'slideshow_pan = 0.05'
INFO: 2023-04-20 14:08:52,759: log_options() 'slideshow_seconds = 6.0'
INFO: 2023-04-20 14:08:52,759: log_options() 'slideshow_sort_order = Random'
INFO: 2023-04-20 14:08:52,759: log_options() 'slideshow_sources_enabled = True'
INFO: 2023-04-20 14:08:52,759: log_options() 'slideshow_zoom = 0.2'
INFO: 2023-04-20 14:08:52,759: log_options() 'smart_enabled = False'
INFO: 2023-04-20 14:08:52,759: log_options() 'smart_notice_shown = False'
INFO: 2023-04-20 14:08:52,760: log_options() 'smart_register_shown = False'
INFO: 2023-04-20 14:08:52,760: log_options() 'sources = [[True, 'favorites', 'The Favorites folder'], [True, 'fetched', 'The Fetched folder'], [True, 'folder', '/usr/share/backgrounds'], [True, 'flickr', 'user:www.flickr.com/photos/peter-levi/;user_id:93647178@N00;'], [False, 'apod', "NASA's Astronomy Picture of the Day"], [False, 'bing', 'Bing Photo of the Day'], [False, 'earthview', 'Google Earth View Wallpapers'], [False, 'natgeo', "National Geographic's photo of the day"], [False, 'unsplash', 'High-resolution photos from Unsplash.com'], [True, 'folder', '/home/vylssius/wallpapers']]'
INFO: 2023-04-20 14:08:52,760: log_options() 'stats_enabled = True'
INFO: 2023-04-20 14:08:52,760: log_options() 'stats_notice_shown = False'
INFO: 2023-04-20 14:08:52,760: log_options() 'sync_enabled = True'
INFO: 2023-04-20 14:08:52,760: log_options() 'use_landscape_enabled = True'
INFO: 2023-04-20 14:08:52,760: log_options() 'wallhaven_api_key = '
INFO: 2023-04-20 14:08:52,760: log_options() 'wallpaper_auto_rotate = False'
INFO: 2023-04-20 14:08:52,760: log_options() 'wallpaper_display_mode = os'
INFO: 2023-04-20 14:08:52,760: clear_prepared_queue() 'Clearing prepared queue'
INFO: 2023-04-20 14:08:52,760: update_indicator() 'Setting file info to: /usr/share/backgrounds/gnome/adwaita-l.webp'
INFO: 2023-04-20 14:08:52,760: prepare_thread() 'Prepared buffer contains 0 images'
INFO: 2023-04-20 14:08:52,760: prepare_thread() 'Preparing some images'
INFO: 2023-04-20 14:08:52,761: list_files() 'More than 1 files in the folders, stop listing'
INFO: 2023-04-20 14:08:52,768: prepare_thread() 'After search prepared buffer contains 18 images'
INFO: 2023-04-20 14:08:52,768: prepare_thread() 'Prepared buffer contains 18 images'
INFO: 2023-04-20 14:08:52,862: do_set_wp() 'Calling do_set_wp with /usr/share/backgrounds/gnome/adwaita-l.webp, time: 1682017732.8620863'
INFO: 2023-04-20 14:08:52,862: do_set_wp() 'Missing file or bad permissions, will not use it: /usr/share/backgrounds/gnome/adwaita-l.webp'
INFO: 2023-04-20 14:08:54,768: trigger_download() 'Triggering download thread to check if download needed and possible'
INFO: 2023-04-20 14:08:54,768: trigger_download() 'Triggering download thread to check if download needed and possible'
INFO: 2023-04-20 14:09:13,256: apply() 'Applying preferences'
ERROR: 2023-04-20 14:09:13,256: get_xdg_pictures_folder() 'Could not get path to Pictures folder. Defaulting to ~/Pictures.'
Traceback (most recent call last):
  File "/usr/lib/python3.10/site-packages/variety/Util.py", line 815, in get_xdg_pictures_folder
    raise Exception("Could not get path to Pictures folder. Defaulting to ~/Pictures.")
Exception: Could not get path to Pictures folder. Defaulting to ~/Pictures.
ERROR: 2023-04-20 14:09:13,257: get_xdg_pictures_folder() 'Could not get path to Pictures folder. Defaulting to ~/Pictures.'
Traceback (most recent call last):
  File "/usr/lib/python3.10/site-packages/variety/Util.py", line 815, in get_xdg_pictures_folder
    raise Exception("Could not get path to Pictures folder. Defaulting to ~/Pictures.")
Exception: Could not get path to Pictures folder. Defaulting to ~/Pictures.
ERROR: 2023-04-20 14:09:13,258: get_xdg_pictures_folder() 'Could not get path to Pictures folder. Defaulting to ~/Pictures.'
Traceback (most recent call last):
  File "/usr/lib/python3.10/site-packages/variety/Util.py", line 815, in get_xdg_pictures_folder
    raise Exception("Could not get path to Pictures folder. Defaulting to ~/Pictures.")
Exception: Could not get path to Pictures folder. Defaulting to ~/Pictures.
ERROR: 2023-04-20 14:09:13,260: get_xdg_pictures_folder() 'Could not get path to Pictures folder. Defaulting to ~/Pictures.'
Traceback (most recent call last):
  File "/usr/lib/python3.10/site-packages/variety/Util.py", line 815, in get_xdg_pictures_folder
    raise Exception("Could not get path to Pictures folder. Defaulting to ~/Pictures.")
Exception: Could not get path to Pictures folder. Defaulting to ~/Pictures.
ERROR: 2023-04-20 14:09:13,261: get_xdg_pictures_folder() 'Could not get path to Pictures folder. Defaulting to ~/Pictures.'
Traceback (most recent call last):
  File "/usr/lib/python3.10/site-packages/variety/Util.py", line 815, in get_xdg_pictures_folder
    raise Exception("Could not get path to Pictures folder. Defaulting to ~/Pictures.")
Exception: Could not get path to Pictures folder. Defaulting to ~/Pictures.
INFO: 2023-04-20 14:09:13,262: set_visible() 'Showing status icon'
INFO: 2023-04-20 14:09:13,262: log_options() 'Loaded options:'
INFO: 2023-04-20 14:09:13,262: set_from_theme_icon() 'Showing status icon variety-indicator from GTK theme'
INFO: 2023-04-20 14:09:13,262: log_options() 'change_enabled = True'
INFO: 2023-04-20 14:09:13,262: log_options() 'change_interval = 300'
INFO: 2023-04-20 14:09:13,262: log_options() 'change_on_start = False'
INFO: 2023-04-20 14:09:13,262: log_options() 'clipboard_enabled = False'
INFO: 2023-04-20 14:09:13,262: log_options() 'clipboard_hosts = ['wallhaven.cc', 'wallpapers.net', 'flickr.com', 'imgur.com', 'deviantart.com', 'interfacelift.com', 'vladstudio.com', 'imageshack.us', 'deviantart.net', 'imageshack.com']'
INFO: 2023-04-20 14:09:13,262: log_options() 'clipboard_use_whitelist = True'
INFO: 2023-04-20 14:09:13,262: log_options() 'clock_date_font = Serif 30'
INFO: 2023-04-20 14:09:13,262: log_options() 'clock_enabled = False'
INFO: 2023-04-20 14:09:13,262: log_options() 'clock_filter = -density 100 -font `fc-match -f '%{file[0]}' '%CLOCK_FONT_NAME'` -pointsize %CLOCK_FONT_SIZE -gravity SouthEast -fill '#00000044' -annotate 0x0+[%HOFFSET+58]+[%VOFFSET+108] '%H:%M' -fill white -annotate 0x0+[%HOFFSET+60]+[%VOFFSET+110] '%H:%M' -font `fc-match -f '%{file[0]}' '%DATE_FONT_NAME'` -pointsize %DATE_FONT_SIZE -fill '#00000044' -annotate 0x0+[%HOFFSET+58]+[%VOFFSET+58] '%A, %B %d' -fill white -annotate 0x0+[%HOFFSET+60]+[%VOFFSET+60] '%A, %B %d''
INFO: 2023-04-20 14:09:13,262: log_options() 'clock_font = Serif 70'
INFO: 2023-04-20 14:09:13,262: log_options() 'configfile = /home/vylssius/.config/variety/variety.conf'
INFO: 2023-04-20 14:09:13,262: log_options() 'copyto_enabled = False'
INFO: 2023-04-20 14:09:13,263: log_options() 'copyto_folder = Default'
INFO: 2023-04-20 14:09:13,263: log_options() 'desired_color = [160, 160, 160]'
INFO: 2023-04-20 14:09:13,263: log_options() 'desired_color_enabled = False'
INFO: 2023-04-20 14:09:13,263: log_options() 'download_folder = /home/vylssius/.config/variety/Downloaded'
INFO: 2023-04-20 14:09:13,263: log_options() 'download_preference_ratio = 0.9'
INFO: 2023-04-20 14:09:13,263: log_options() 'favorites_folder = /home/vylssius/.config/variety/Favorites'
INFO: 2023-04-20 14:09:13,263: log_options() 'favorites_operations = [['Downloaded', 'Copy'], ['Fetched', 'Move'], ['Others', 'Copy']]'
INFO: 2023-04-20 14:09:13,263: log_options() 'fetched_folder = /home/vylssius/.config/variety/Fetched'
INFO: 2023-04-20 14:09:13,263: log_options() 'filters = [[False, 'Keep original', ''], [False, 'Grayscale', '-type Grayscale'], [False, 'Heavy blur', '-scale 20% -blur 0x10 -resize 500%'], [False, 'Soft blur', '-scale 20% -blur 0x2 -resize 500%'], [False, 'Oil painting', '-paint 8'], [False, 'Pointilism', '-spread 10 -noise 3'], [False, 'Pixellate', '-scale 3% -scale 3333%']]'
INFO: 2023-04-20 14:09:13,263: log_options() 'get_wallpaper_script = /home/vylssius/.config/variety/scripts/get_wallpaper'
INFO: 2023-04-20 14:09:13,263: log_options() 'icon = Light'
INFO: 2023-04-20 14:09:13,263: log_options() 'internet_enabled = True'
INFO: 2023-04-20 14:09:13,263: log_options() 'lightness_enabled = False'
INFO: 2023-04-20 14:09:13,263: log_options() 'lightness_mode = 0'
INFO: 2023-04-20 14:09:13,263: log_options() 'min_rating = 4'
INFO: 2023-04-20 14:09:13,263: log_options() 'min_rating_enabled = False'
INFO: 2023-04-20 14:09:13,263: log_options() 'min_size = 80'
INFO: 2023-04-20 14:09:13,263: log_options() 'min_size_enabled = False'
INFO: 2023-04-20 14:09:13,263: log_options() 'quota_enabled = True'
INFO: 2023-04-20 14:09:13,263: log_options() 'quota_size = 1000'
INFO: 2023-04-20 14:09:13,263: log_options() 'quotes_authors = '
INFO: 2023-04-20 14:09:13,263: log_options() 'quotes_bg_color = [80, 80, 80]'
INFO: 2023-04-20 14:09:13,263: log_options() 'quotes_bg_opacity = 55'
INFO: 2023-04-20 14:09:13,263: log_options() 'quotes_change_enabled = False'
INFO: 2023-04-20 14:09:13,263: log_options() 'quotes_change_interval = 300'
INFO: 2023-04-20 14:09:13,263: log_options() 'quotes_disabled_sources = ['Urban Dictionary']'
INFO: 2023-04-20 14:09:13,263: log_options() 'quotes_enabled = False'
INFO: 2023-04-20 14:09:13,263: log_options() 'quotes_favorites_file = /home/vylssius/.config/variety/favorite_quotes.txt'
INFO: 2023-04-20 14:09:13,263: log_options() 'quotes_font = Serif 30'
INFO: 2023-04-20 14:09:13,263: log_options() 'quotes_hpos = 100'
INFO: 2023-04-20 14:09:13,263: log_options() 'quotes_max_length = 250'
INFO: 2023-04-20 14:09:13,263: log_options() 'quotes_tags = '
INFO: 2023-04-20 14:09:13,263: log_options() 'quotes_text_color = [255, 255, 255]'
INFO: 2023-04-20 14:09:13,263: log_options() 'quotes_text_shadow = False'
INFO: 2023-04-20 14:09:13,263: log_options() 'quotes_vpos = 40'
INFO: 2023-04-20 14:09:13,263: log_options() 'quotes_width = 70'
INFO: 2023-04-20 14:09:13,263: log_options() 'safe_mode = False'
INFO: 2023-04-20 14:09:13,263: log_options() 'set_wallpaper_script = /home/vylssius/.config/variety/scripts/set_wallpaper'
INFO: 2023-04-20 14:09:13,263: log_options() 'slideshow_custom_enabled = False'
INFO: 2023-04-20 14:09:13,263: log_options() 'slideshow_custom_folder = /home/vylssius/Pictures'
INFO: 2023-04-20 14:09:13,264: log_options() 'slideshow_downloads_enabled = False'
INFO: 2023-04-20 14:09:13,264: log_options() 'slideshow_fade = 0.4'
INFO: 2023-04-20 14:09:13,264: log_options() 'slideshow_favorites_enabled = True'
INFO: 2023-04-20 14:09:13,264: log_options() 'slideshow_mode = Fullscreen'
INFO: 2023-04-20 14:09:13,264: log_options() 'slideshow_monitor = All'
INFO: 2023-04-20 14:09:13,264: log_options() 'slideshow_pan = 0.05'
INFO: 2023-04-20 14:09:13,264: log_options() 'slideshow_seconds = 6.0'
INFO: 2023-04-20 14:09:13,264: log_options() 'slideshow_sort_order = Random'
INFO: 2023-04-20 14:09:13,264: log_options() 'slideshow_sources_enabled = True'
INFO: 2023-04-20 14:09:13,264: log_options() 'slideshow_zoom = 0.2'
INFO: 2023-04-20 14:09:13,264: log_options() 'smart_enabled = False'
INFO: 2023-04-20 14:09:13,264: log_options() 'smart_notice_shown = False'
INFO: 2023-04-20 14:09:13,264: log_options() 'smart_register_shown = False'
INFO: 2023-04-20 14:09:13,264: log_options() 'sources = [[False, 'favorites', 'The Favorites folder'], [False, 'fetched', 'The Fetched folder'], [False, 'folder', '/usr/share/backgrounds'], [False, 'flickr', 'user:www.flickr.com/photos/peter-levi/;user_id:93647178@N00;'], [False, 'apod', "NASA's Astronomy Picture of the Day"], [False, 'bing', 'Bing Photo of the Day'], [False, 'earthview', 'Google Earth View Wallpapers'], [False, 'natgeo', "National Geographic's photo of the day"], [False, 'unsplash', 'High-resolution photos from Unsplash.com'], [True, 'folder', '/home/vylssius/wallpapers']]'
INFO: 2023-04-20 14:09:13,264: log_options() 'stats_enabled = True'
INFO: 2023-04-20 14:09:13,264: log_options() 'stats_notice_shown = False'
INFO: 2023-04-20 14:09:13,264: log_options() 'sync_enabled = True'
INFO: 2023-04-20 14:09:13,264: log_options() 'use_landscape_enabled = True'
INFO: 2023-04-20 14:09:13,264: log_options() 'wallhaven_api_key = '
INFO: 2023-04-20 14:09:13,264: log_options() 'wallpaper_auto_rotate = False'
INFO: 2023-04-20 14:09:13,264: log_options() 'wallpaper_display_mode = os'
INFO: 2023-04-20 14:09:13,264: clear_prepared_queue() 'Clearing prepared queue'
INFO: 2023-04-20 14:09:13,264: update_indicator() 'Setting file info to: /usr/share/backgrounds/gnome/adwaita-l.webp'
INFO: 2023-04-20 14:09:13,264: prepare_thread() 'Prepared buffer contains 0 images'
INFO: 2023-04-20 14:09:13,264: prepare_thread() 'Preparing some images'
INFO: 2023-04-20 14:09:13,265: list_files() 'More than 1 files in the folders, stop listing'
INFO: 2023-04-20 14:09:13,266: prepare_thread() 'After search prepared buffer contains 7 images'
INFO: 2023-04-20 14:09:13,266: prepare_thread() 'Prepared buffer contains 7 images'
INFO: 2023-04-20 14:09:13,365: do_set_wp() 'Calling do_set_wp with /usr/share/backgrounds/gnome/adwaita-l.webp, time: 1682017753.365926'
INFO: 2023-04-20 14:09:13,366: do_set_wp() 'Missing file or bad permissions, will not use it: /usr/share/backgrounds/gnome/adwaita-l.webp'
INFO: 2023-04-20 14:09:15,267: trigger_download() 'Triggering download thread to check if download needed and possible'
INFO: 2023-04-20 14:09:15,267: trigger_download() 'Triggering download thread to check if download needed and possible'
INFO: 2023-04-20 14:09:17,244: set_wallpaper() 'Calling set_wallpaper with /home/vylssius/wallpapers/mob-psycho.jpg'
INFO: 2023-04-20 14:09:17,244: do_set_wp() 'Calling do_set_wp with /home/vylssius/wallpapers/mob-psycho.jpg, time: 1682017757.244821'
INFO: 2023-04-20 14:09:17,272: update_indicator() 'Setting file info to: /home/vylssius/wallpapers/mob-psycho.jpg'
INFO: 2023-04-20 14:09:17,274: list_files() 'More than 1 files in the folders, stop listing'
INFO: 2023-04-20 14:09:31,106: set_size() 'Setting thumbs size 300'
INFO: 2023-04-20 14:09:31,117: update_indicator() 'Setting file info to: /home/vylssius/wallpapers/mob-psycho.jpg'
INFO: 2023-04-20 14:09:31,118: list_files() 'More than 1 files in the folders, stop listing'
INFO: 2023-04-20 14:09:34,093: update_indicator() 'Setting file info to: /home/vylssius/wallpapers/mob-psycho.jpg'
INFO: 2023-04-20 14:09:34,095: list_files() 'More than 1 files in the folders, stop listing'
INFO: 2023-04-20 14:09:34,400: trigger_download() 'Triggering download thread to check if download needed and possible'
INFO: 2023-04-20 14:14:17,388: regular_change_thread() 'regular_change changes wallpaper'
INFO: 2023-04-20 14:14:17,388: set_wallpaper() 'Calling set_wallpaper with /home/vylssius/wallpapers/sunrise.jpg'
INFO: 2023-04-20 14:14:17,388: do_set_wp() 'Calling do_set_wp with /home/vylssius/wallpapers/sunrise.jpg, time: 1682018057.3885622'
INFO: 2023-04-20 14:14:17,388: prepare_thread() 'Prepared buffer contains 6 images'
INFO: 2023-04-20 14:14:17,397: update_indicator() 'Setting file info to: /home/vylssius/wallpapers/sunrise.jpg'
INFO: 2023-04-20 14:14:17,397: list_files() 'More than 1 files in the folders, stop listing'
INFO: 2023-04-20 14:14:19,388: trigger_download() 'Triggering download thread to check if download needed and possible'
INFO: 2023-04-20 14:19:17,511: regular_change_thread() 'regular_change changes wallpaper'
INFO: 2023-04-20 14:19:17,511: set_wallpaper() 'Calling set_wallpaper with /home/vylssius/wallpapers/wall3.jpg'
INFO: 2023-04-20 14:19:17,512: do_set_wp() 'Calling do_set_wp with /home/vylssius/wallpapers/wall3.jpg, time: 1682018357.5122645'
INFO: 2023-04-20 14:19:17,512: prepare_thread() 'Prepared buffer contains 5 images'
INFO: 2023-04-20 14:19:17,524: update_indicator() 'Setting file info to: /home/vylssius/wallpapers/wall3.jpg'
INFO: 2023-04-20 14:19:17,525: list_files() 'More than 1 files in the folders, stop listing'
INFO: 2023-04-20 14:19:19,513: trigger_download() 'Triggering download thread to check if download needed and possible'
INFO: 2023-04-20 14:24:17,639: regular_change_thread() 'regular_change changes wallpaper'
INFO: 2023-04-20 14:24:17,639: set_wallpaper() 'Calling set_wallpaper with /home/vylssius/wallpapers/mob-psycho.jpg'
INFO: 2023-04-20 14:24:17,640: do_set_wp() 'Calling do_set_wp with /home/vylssius/wallpapers/mob-psycho.jpg, time: 1682018657.6402836'
INFO: 2023-04-20 14:24:17,640: prepare_thread() 'Prepared buffer contains 4 images'
INFO: 2023-04-20 14:24:17,653: update_indicator() 'Setting file info to: /home/vylssius/wallpapers/mob-psycho.jpg'
INFO: 2023-04-20 14:24:17,653: list_files() 'More than 1 files in the folders, stop listing'
INFO: 2023-04-20 14:24:19,641: trigger_download() 'Triggering download thread to check if download needed and possible'
INFO: 2023-04-20 14:29:17,767: regular_change_thread() 'regular_change changes wallpaper'
INFO: 2023-04-20 14:29:17,767: set_wallpaper() 'Calling set_wallpaper with /home/vylssius/wallpapers/wall2.jpg'
INFO: 2023-04-20 14:29:17,768: do_set_wp() 'Calling do_set_wp with /home/vylssius/wallpapers/wall2.jpg, time: 1682018957.7682376'
INFO: 2023-04-20 14:29:17,768: prepare_thread() 'Prepared buffer contains 3 images'
INFO: 2023-04-20 14:29:17,768: prepare_thread() 'Preparing some images'
INFO: 2023-04-20 14:29:17,772: prepare_thread() 'After search prepared buffer contains 7 images'
INFO: 2023-04-20 14:29:17,780: update_indicator() 'Setting file info to: /home/vylssius/wallpapers/wall2.jpg'
INFO: 2023-04-20 14:29:17,780: list_files() 'More than 1 files in the folders, stop listing'
INFO: 2023-04-20 14:29:19,773: trigger_download() 'Triggering download thread to check if download needed and possible'
INFO: 2023-04-20 14:34:17,894: regular_change_thread() 'regular_change changes wallpaper'
INFO: 2023-04-20 14:34:17,894: set_wallpaper() 'Calling set_wallpaper with /home/vylssius/wallpapers/mob-psycho.jpg'
INFO: 2023-04-20 14:34:17,895: do_set_wp() 'Calling do_set_wp with /home/vylssius/wallpapers/mob-psycho.jpg, time: 1682019257.895571'
INFO: 2023-04-20 14:34:17,895: prepare_thread() 'Prepared buffer contains 6 images'
INFO: 2023-04-20 14:34:17,907: update_indicator() 'Setting file info to: /home/vylssius/wallpapers/mob-psycho.jpg'
INFO: 2023-04-20 14:34:17,908: list_files() 'More than 1 files in the folders, stop listing'
INFO: 2023-04-20 14:34:19,896: trigger_download() 'Triggering download thread to check if download needed and possible'
INFO: 2023-04-20 14:39:18,022: regular_change_thread() 'regular_change changes wallpaper'
INFO: 2023-04-20 14:39:18,022: set_wallpaper() 'Calling set_wallpaper with /home/vylssius/wallpapers/wall4.jpg'
INFO: 2023-04-20 14:39:18,022: prepare_thread() 'Prepared buffer contains 5 images'
INFO: 2023-04-20 14:39:18,022: do_set_wp() 'Calling do_set_wp with /home/vylssius/wallpapers/wall4.jpg, time: 1682019558.0224218'
INFO: 2023-04-20 14:39:18,028: update_indicator() 'Setting file info to: /home/vylssius/wallpapers/wall4.jpg'
INFO: 2023-04-20 14:39:18,028: list_files() 'More than 1 files in the folders, stop listing'
INFO: 2023-04-20 14:39:20,022: trigger_download() 'Triggering download thread to check if download needed and possible'
INFO: 2023-04-20 14:44:18,141: regular_change_thread() 'regular_change changes wallpaper'
INFO: 2023-04-20 14:44:18,142: set_wallpaper() 'Calling set_wallpaper with /home/vylssius/wallpapers/sunrise.jpg'
INFO: 2023-04-20 14:44:18,142: do_set_wp() 'Calling do_set_wp with /home/vylssius/wallpapers/sunrise.jpg, time: 1682019858.142962'
INFO: 2023-04-20 14:44:18,143: prepare_thread() 'Prepared buffer contains 4 images'
INFO: 2023-04-20 14:44:18,152: update_indicator() 'Setting file info to: /home/vylssius/wallpapers/sunrise.jpg'
INFO: 2023-04-20 14:44:18,153: list_files() 'More than 1 files in the folders, stop listing'
INFO: 2023-04-20 14:44:20,145: trigger_download() 'Triggering download thread to check if download needed and possible'
INFO: 2023-04-20 14:49:18,266: regular_change_thread() 'regular_change changes wallpaper'
INFO: 2023-04-20 14:49:18,266: set_wallpaper() 'Calling set_wallpaper with /home/vylssius/wallpapers/wall2.jpg'
INFO: 2023-04-20 14:49:18,267: do_set_wp() 'Calling do_set_wp with /home/vylssius/wallpapers/wall2.jpg, time: 1682020158.2675333'
INFO: 2023-04-20 14:49:18,268: prepare_thread() 'Prepared buffer contains 3 images'
INFO: 2023-04-20 14:49:18,268: prepare_thread() 'Preparing some images'
INFO: 2023-04-20 14:49:18,272: prepare_thread() 'After search prepared buffer contains 7 images'
INFO: 2023-04-20 14:49:18,288: update_indicator() 'Setting file info to: /home/vylssius/wallpapers/wall2.jpg'
INFO: 2023-04-20 14:49:18,290: list_files() 'More than 1 files in the folders, stop listing'
INFO: 2023-04-20 14:49:20,273: trigger_download() 'Triggering download thread to check if download needed and possible'
INFO: 2023-04-20 14:54:18,404: regular_change_thread() 'regular_change changes wallpaper'
INFO: 2023-04-20 14:54:18,404: set_wallpaper() 'Calling set_wallpaper with /home/vylssius/wallpapers/wall4.jpg'
INFO: 2023-04-20 14:54:18,405: do_set_wp() 'Calling do_set_wp with /home/vylssius/wallpapers/wall4.jpg, time: 1682020458.4053202'
INFO: 2023-04-20 14:54:18,405: prepare_thread() 'Prepared buffer contains 6 images'
INFO: 2023-04-20 14:54:18,423: update_indicator() 'Setting file info to: /home/vylssius/wallpapers/wall4.jpg'
INFO: 2023-04-20 14:54:18,424: list_files() 'More than 1 files in the folders, stop listing'
INFO: 2023-04-20 14:54:20,406: trigger_download() 'Triggering download thread to check if download needed and possible'
INFO: 2023-04-20 14:59:18,538: regular_change_thread() 'regular_change changes wallpaper'
INFO: 2023-04-20 14:59:18,538: set_wallpaper() 'Calling set_wallpaper with /home/vylssius/wallpapers/wallpaper.jpg'
INFO: 2023-04-20 14:59:18,539: do_set_wp() 'Calling do_set_wp with /home/vylssius/wallpapers/wallpaper.jpg, time: 1682020758.539054'
INFO: 2023-04-20 14:59:18,539: prepare_thread() 'Prepared buffer contains 5 images'
INFO: 2023-04-20 14:59:18,551: update_indicator() 'Setting file info to: /home/vylssius/wallpapers/wallpaper.jpg'
INFO: 2023-04-20 14:59:18,551: list_files() 'More than 1 files in the folders, stop listing'
INFO: 2023-04-20 14:59:20,540: trigger_download() 'Triggering download thread to check if download needed and possible'
INFO: 2023-04-20 15:04:18,665: regular_change_thread() 'regular_change changes wallpaper'
INFO: 2023-04-20 15:04:18,666: set_wallpaper() 'Calling set_wallpaper with /home/vylssius/wallpapers/wall2.jpg'
INFO: 2023-04-20 15:04:18,666: do_set_wp() 'Calling do_set_wp with /home/vylssius/wallpapers/wall2.jpg, time: 1682021058.6667473'
INFO: 2023-04-20 15:04:18,667: prepare_thread() 'Prepared buffer contains 4 images'
INFO: 2023-04-20 15:04:18,679: update_indicator() 'Setting file info to: /home/vylssius/wallpapers/wall2.jpg'
INFO: 2023-04-20 15:04:18,679: list_files() 'More than 1 files in the folders, stop listing'
INFO: 2023-04-20 15:04:20,667: trigger_download() 'Triggering download thread to check if download needed and possible'
INFO: 2023-04-20 15:09:18,793: regular_change_thread() 'regular_change changes wallpaper'
INFO: 2023-04-20 15:09:18,793: set_wallpaper() 'Calling set_wallpaper with /home/vylssius/wallpapers/wall1.jpg'
INFO: 2023-04-20 15:09:18,794: do_set_wp() 'Calling do_set_wp with /home/vylssius/wallpapers/wall1.jpg, time: 1682021358.7944613'
INFO: 2023-04-20 15:09:18,794: prepare_thread() 'Prepared buffer contains 3 images'
INFO: 2023-04-20 15:09:18,794: prepare_thread() 'Preparing some images'
INFO: 2023-04-20 15:09:18,799: prepare_thread() 'After search prepared buffer contains 7 images'
INFO: 2023-04-20 15:09:18,806: update_indicator() 'Setting file info to: /home/vylssius/wallpapers/wall1.jpg'
INFO: 2023-04-20 15:09:18,807: list_files() 'More than 1 files in the folders, stop listing'
INFO: 2023-04-20 15:09:20,800: trigger_download() 'Triggering download thread to check if download needed and possible'
INFO: 2023-04-20 15:14:18,920: regular_change_thread() 'regular_change changes wallpaper'
INFO: 2023-04-20 15:14:18,921: set_wallpaper() 'Calling set_wallpaper with /home/vylssius/wallpapers/sunrise.jpg'
INFO: 2023-04-20 15:14:18,921: do_set_wp() 'Calling do_set_wp with /home/vylssius/wallpapers/sunrise.jpg, time: 1682021658.921928'
INFO: 2023-04-20 15:14:18,922: prepare_thread() 'Prepared buffer contains 6 images'
INFO: 2023-04-20 15:14:18,933: update_indicator() 'Setting file info to: /home/vylssius/wallpapers/sunrise.jpg'
INFO: 2023-04-20 15:14:18,934: list_files() 'More than 1 files in the folders, stop listing'
INFO: 2023-04-20 15:14:20,922: trigger_download() 'Triggering download thread to check if download needed and possible'
INFO: 2023-04-20 15:19:19,048: regular_change_thread() 'regular_change changes wallpaper'
INFO: 2023-04-20 15:19:19,048: set_wallpaper() 'Calling set_wallpaper with /home/vylssius/wallpapers/wall1.jpg'
INFO: 2023-04-20 15:19:19,049: do_set_wp() 'Calling do_set_wp with /home/vylssius/wallpapers/wall1.jpg, time: 1682021959.0491831'
INFO: 2023-04-20 15:19:19,049: prepare_thread() 'Prepared buffer contains 5 images'
INFO: 2023-04-20 15:19:19,068: update_indicator() 'Setting file info to: /home/vylssius/wallpapers/wall1.jpg'
INFO: 2023-04-20 15:19:19,068: list_files() 'More than 1 files in the folders, stop listing'
INFO: 2023-04-20 15:19:21,050: trigger_download() 'Triggering download thread to check if download needed and possible'
INFO: 2023-04-20 15:24:19,182: regular_change_thread() 'regular_change changes wallpaper'
INFO: 2023-04-20 15:24:19,182: set_wallpaper() 'Calling set_wallpaper with /home/vylssius/wallpapers/wall4.jpg'
INFO: 2023-04-20 15:24:19,183: do_set_wp() 'Calling do_set_wp with /home/vylssius/wallpapers/wall4.jpg, time: 1682022259.1835241'
INFO: 2023-04-20 15:24:19,184: prepare_thread() 'Prepared buffer contains 4 images'
INFO: 2023-04-20 15:24:19,197: update_indicator() 'Setting file info to: /home/vylssius/wallpapers/wall4.jpg'
INFO: 2023-04-20 15:24:19,197: list_files() 'More than 1 files in the folders, stop listing'
INFO: 2023-04-20 15:24:21,185: trigger_download() 'Triggering download thread to check if download needed and possible'
INFO: 2023-04-20 15:29:19,311: regular_change_thread() 'regular_change changes wallpaper'
INFO: 2023-04-20 15:29:19,311: set_wallpaper() 'Calling set_wallpaper with /home/vylssius/wallpapers/wallpaper.jpg'
INFO: 2023-04-20 15:29:19,312: do_set_wp() 'Calling do_set_wp with /home/vylssius/wallpapers/wallpaper.jpg, time: 1682022559.312455'
INFO: 2023-04-20 15:29:19,312: prepare_thread() 'Prepared buffer contains 3 images'
INFO: 2023-04-20 15:29:19,312: prepare_thread() 'Preparing some images'
INFO: 2023-04-20 15:29:19,316: prepare_thread() 'After search prepared buffer contains 7 images'
INFO: 2023-04-20 15:29:19,324: update_indicator() 'Setting file info to: /home/vylssius/wallpapers/wallpaper.jpg'
INFO: 2023-04-20 15:29:19,325: list_files() 'More than 1 files in the folders, stop listing'
INFO: 2023-04-20 15:29:21,317: trigger_download() 'Triggering download thread to check if download needed and possible'
INFO: 2023-04-20 15:34:19,439: regular_change_thread() 'regular_change changes wallpaper'
INFO: 2023-04-20 15:34:19,439: set_wallpaper() 'Calling set_wallpaper with /home/vylssius/wallpapers/wall3.jpg'
INFO: 2023-04-20 15:34:19,440: do_set_wp() 'Calling do_set_wp with /home/vylssius/wallpapers/wall3.jpg, time: 1682022859.4401128'
INFO: 2023-04-20 15:34:19,440: prepare_thread() 'Prepared buffer contains 6 images'
INFO: 2023-04-20 15:34:19,452: update_indicator() 'Setting file info to: /home/vylssius/wallpapers/wall3.jpg'
INFO: 2023-04-20 15:34:19,452: list_files() 'More than 1 files in the folders, stop listing'
INFO: 2023-04-20 15:34:21,441: trigger_download() 'Triggering download thread to check if download needed and possible'
INFO: 2023-04-20 15:39:19,566: regular_change_thread() 'regular_change changes wallpaper'
INFO: 2023-04-20 15:39:19,567: set_wallpaper() 'Calling set_wallpaper with /home/vylssius/wallpapers/wallpaper.jpg'
INFO: 2023-04-20 15:39:19,567: do_set_wp() 'Calling do_set_wp with /home/vylssius/wallpapers/wallpaper.jpg, time: 1682023159.5679765'
INFO: 2023-04-20 15:39:19,568: prepare_thread() 'Prepared buffer contains 5 images'
INFO: 2023-04-20 15:39:19,580: update_indicator() 'Setting file info to: /home/vylssius/wallpapers/wallpaper.jpg'
INFO: 2023-04-20 15:39:19,580: list_files() 'More than 1 files in the folders, stop listing'
INFO: 2023-04-20 15:39:21,569: trigger_download() 'Triggering download thread to check if download needed and possible'
